# JRE version: OpenJDK Runtime Environment Temurin-21.0.10+7 (21.0.10+7) (build 21.0.10+7-LTS)
# Java VM: OpenJDK 64-Bit Server VM Temurin-21.0.10+7 (21.0.10+7-LTS, mixed mode, sharing, tiered, compressed oops, compressed class ptrs, parallel gc, windows-amd64)
GC Precious Log:
 CardTable entry size: 512
 CPUs: 8 total, 8 available
 Memory: 16198M
 Large Page Support: Disabled
 NUMA Support: Disabled
 Compressed Oops: Enabled (32-bit)
 Alignments: Space 512K, Generation 512K, Heap 2M
 Heap Min Capacity: 100M
 Heap Initial Capacity: 100M
 Heap Max Capacity: 2G
 Pre-touch: Disabled
 Parallel Workers: 8
Heap:
 PSYoungGen      total 3072K, used 2784K [0x00000000d5580000, 0x00000000d5980000, 0x0000000100000000)
  eden space 2560K, 100% used [0x00000000d5580000,0x00000000d5800000,0x00000000d5800000)
  from space 512K, 43% used [0x00000000d5880000,0x00000000d58b8000,0x00000000d5900000)
  to   space 512K, 0% used [0x00000000d5900000,0x00000000d5900000,0x00000000d5980000)
 ParOldGen       total 860672K, used 860460K [0x0000000080000000, 0x00000000b4880000, 0x00000000d5580000)
  object space 860672K, 99% used [0x0000000080000000,0x00000000b484b1c0,0x00000000b4880000)
 Metaspace       used 81873K, committed 83520K, reserved 1179648K
  class space    used 8700K, committed 9408K, reserved 1048576K
GC Heap History (20 events):
Event: 117.251 GC heap before
{Heap before GC invocations=1661 (full 3):
 PSYoungGen      total 3072K, used 2940K [0x00000000d5580000, 0x00000000d5980000, 0x0000000100000000)
  eden space 2560K, 100% used [0x00000000d5580000,0x00000000d5800000,0x00000000d5800000)
  from space 512K, 74% used [0x00000000d5880000,0x00000000d58df3e8,0x00000000d5900000)
  to   space 512K, 0% used [0x00000000d5900000,0x00000000d5900000,0x00000000d5980000)
 ParOldGen       total 859648K, used 859576K [0x0000000080000000, 0x00000000b4780000, 0x00000000d5580000)
  object space 859648K, 99% used [0x0000000080000000,0x00000000b476e210,0x00000000b4780000)
 Metaspace       used 79092K, committed 80704K, reserved 1179648K
  class space    used 8312K, committed 9024K, reserved 1048576K
}
Event: 117.254 GC heap after
{Heap after GC invocations=1661 (full 3):
 PSYoungGen      total 3072K, used 224K [0x00000000d5580000, 0x00000000d5980000, 0x0000000100000000)
  eden space 2560K, 0% used [0x00000000d5580000,0x00000000d5580000,0x00000000d5800000)
  from space 512K, 43% used [0x00000000d5900000,0x00000000d5938000,0x00000000d5980000)
  to   space 512K, 0% used [0x00000000d5880000,0x00000000d5880000,0x00000000d5900000)
 ParOldGen       total 859648K, used 859616K [0x0000000080000000, 0x00000000b4780000, 0x00000000d5580000)
  object space 859648K, 99% used [0x0000000080000000,0x00000000b4778210,0x00000000b4780000)
 Metaspace       used 79092K, committed 80704K, reserved 1179648K
  class space    used 8312K, committed 9024K, reserved 1048576K
}
Event: 117.545 GC heap before
{Heap before GC invocations=1662 (full 3):
 PSYoungGen      total 3072K, used 2784K [0x00000000d5580000, 0x00000000d5980000, 0x0000000100000000)
  eden space 2560K, 100% used [0x00000000d5580000,0x00000000d5800000,0x00000000d5800000)
  from space 512K, 43% used [0x00000000d5900000,0x00000000d5938000,0x00000000d5980000)
  to   space 512K, 0% used [0x00000000d5880000,0x00000000d5880000,0x00000000d5900000)
 ParOldGen       total 859648K, used 859616K [0x0000000080000000, 0x00000000b4780000, 0x00000000d5580000)
  object space 859648K, 99% used [0x0000000080000000,0x00000000b4778210,0x00000000b4780000)
 Metaspace       used 79160K, committed 80832K, reserved 1179648K
  class space    used 8322K, committed 9088K, reserved 1048576K
}
Event: 117.551 GC heap after
{Heap after GC invocations=1662 (full 3):
 PSYoungGen      total 3072K, used 288K [0x00000000d5580000, 0x00000000d5980000, 0x0000000100000000)
  eden space 2560K, 0% used [0x00000000d5580000,0x00000000d5580000,0x00000000d5800000)
  from space 512K, 56% used [0x00000000d5880000,0x00000000d58c8000,0x00000000d5900000)
  to   space 512K, 0% used [0x00000000d5900000,0x00000000d5900000,0x00000000d5980000)
 ParOldGen       total 860160K, used 859656K [0x0000000080000000, 0x00000000b4800000, 0x00000000d5580000)
  object space 860160K, 99% used [0x0000000080000000,0x00000000b4782210,0x00000000b4800000)
 Metaspace       used 79160K, committed 80832K, reserved 1179648K
  class space    used 8322K, committed 9088K, reserved 1048576K
}
Event: 117.809 GC heap before
{Heap before GC invocations=1663 (full 3):
 PSYoungGen      total 3072K, used 2848K [0x00000000d5580000, 0x00000000d5980000, 0x0000000100000000)
  eden space 2560K, 100% used [0x00000000d5580000,0x00000000d5800000,0x00000000d5800000)
  from space 512K, 56% used [0x00000000d5880000,0x00000000d58c8000,0x00000000d5900000)
  to   space 512K, 0% used [0x00000000d5900000,0x00000000d5900000,0x00000000d5980000)
 ParOldGen       total 860160K, used 859656K [0x0000000080000000, 0x00000000b4800000, 0x00000000d5580000)
  object space 860160K, 99% used [0x0000000080000000,0x00000000b4782210,0x00000000b4800000)
 Metaspace       used 79608K, committed 81280K, reserved 1179648K
  class space    used 8363K, committed 9088K, reserved 1048576K
}
Event: 117.812 GC heap after
{Heap after GC invocations=1663 (full 3):
 PSYoungGen      total 3072K, used 318K [0x00000000d5580000, 0x00000000d5980000, 0x0000000100000000)
  eden space 2560K, 0% used [0x00000000d5580000,0x00000000d5580000,0x00000000d5800000)
  from space 512K, 62% used [0x00000000d5900000,0x00000000d594fa08,0x00000000d5980000)
  to   space 512K, 0% used [0x00000000d5880000,0x00000000d5880000,0x00000000d5900000)
 ParOldGen       total 860160K, used 859768K [0x0000000080000000, 0x00000000b4800000, 0x00000000d5580000)
  object space 860160K, 99% used [0x0000000080000000,0x00000000b479e210,0x00000000b4800000)
 Metaspace       used 79608K, committed 81280K, reserved 1179648K
  class space    used 8363K, committed 9088K, reserved 1048576K
}
Event: 117.860 GC heap before
{Heap before GC invocations=1664 (full 3):
 PSYoungGen      total 3072K, used 2851K [0x00000000d5580000, 0x00000000d5980000, 0x0000000100000000)
  eden space 2560K, 98% used [0x00000000d5580000,0x00000000d57f9590,0x00000000d5800000)
  from space 512K, 62% used [0x00000000d5900000,0x00000000d594fa08,0x00000000d5980000)
  to   space 512K, 0% used [0x00000000d5880000,0x00000000d5880000,0x00000000d5900000)
 ParOldGen       total 860160K, used 859768K [0x0000000080000000, 0x00000000b4800000, 0x00000000d5580000)
  object space 860160K, 99% used [0x0000000080000000,0x00000000b479e210,0x00000000b4800000)
 Metaspace       used 79896K, committed 81600K, reserved 1179648K
  class space    used 8398K, committed 9152K, reserved 1048576K
}
Event: 117.864 GC heap after
{Heap after GC invocations=1664 (full 3):
 PSYoungGen      total 3072K, used 381K [0x00000000d5580000, 0x00000000d5980000, 0x0000000100000000)
  eden space 2560K, 0% used [0x00000000d5580000,0x00000000d5580000,0x00000000d5800000)
  from space 512K, 74% used [0x00000000d5880000,0x00000000d58df5f8,0x00000000d5900000)
  to   space 512K, 0% used [0x00000000d5900000,0x00000000d5900000,0x00000000d5980000)
 ParOldGen       total 860160K, used 859964K [0x0000000080000000, 0x00000000b4800000, 0x00000000d5580000)
  object space 860160K, 99% used [0x0000000080000000,0x00000000b47cf170,0x00000000b4800000)
 Metaspace       used 79896K, committed 81600K, reserved 1179648K
  class space    used 8398K, committed 9152K, reserved 1048576K
}
Event: 117.917 GC heap before
{Heap before GC invocations=1665 (full 3):
 PSYoungGen      total 3072K, used 2941K [0x00000000d5580000, 0x00000000d5980000, 0x0000000100000000)
  eden space 2560K, 100% used [0x00000000d5580000,0x00000000d5800000,0x00000000d5800000)
  from space 512K, 74% used [0x00000000d5880000,0x00000000d58df5f8,0x00000000d5900000)
  to   space 512K, 0% used [0x00000000d5900000,0x00000000d5900000,0x00000000d5980000)
 ParOldGen       total 860160K, used 859964K [0x0000000080000000, 0x00000000b4800000, 0x00000000d5580000)
  object space 860160K, 99% used [0x0000000080000000,0x00000000b47cf170,0x00000000b4800000)
 Metaspace       used 80244K, committed 81920K, reserved 1179648K
  class space    used 8431K, committed 9152K, reserved 1048576K
}
Event: 117.920 GC heap after
{Heap after GC invocations=1665 (full 3):
 PSYoungGen      total 3072K, used 192K [0x00000000d5580000, 0x00000000d5980000, 0x0000000100000000)
  eden space 2560K, 0% used [0x00000000d5580000,0x00000000d5580000,0x00000000d5800000)
  from space 512K, 37% used [0x00000000d5900000,0x00000000d5930000,0x00000000d5980000)
  to   space 512K, 0% used [0x00000000d5880000,0x00000000d5880000,0x00000000d5900000)
 ParOldGen       total 860160K, used 860100K [0x0000000080000000, 0x00000000b4800000, 0x00000000d5580000)
  object space 860160K, 99% used [0x0000000080000000,0x00000000b47f1190,0x00000000b4800000)
 Metaspace       used 80244K, committed 81920K, reserved 1179648K
  class space    used 8431K, committed 9152K, reserved 1048576K
}
Event: 118.018 GC heap before
{Heap before GC invocations=1666 (full 3):
 PSYoungGen      total 3072K, used 2752K [0x00000000d5580000, 0x00000000d5980000, 0x0000000100000000)
  eden space 2560K, 100% used [0x00000000d5580000,0x00000000d5800000,0x00000000d5800000)
  from space 512K, 37% used [0x00000000d5900000,0x00000000d5930000,0x00000000d5980000)
  to   space 512K, 0% used [0x00000000d5880000,0x00000000d5880000,0x00000000d5900000)
 ParOldGen       total 860160K, used 860100K [0x0000000080000000, 0x00000000b4800000, 0x00000000d5580000)
  object space 860160K, 99% used [0x0000000080000000,0x00000000b47f1190,0x00000000b4800000)
 Metaspace       used 80585K, committed 82240K, reserved 1179648K
  class space    used 8476K, committed 9216K, reserved 1048576K
}
Event: 118.022 GC heap after
{Heap after GC invocations=1666 (full 3):
 PSYoungGen      total 3072K, used 256K [0x00000000d5580000, 0x00000000d5980000, 0x0000000100000000)
  eden space 2560K, 0% used [0x00000000d5580000,0x00000000d5580000,0x00000000d5800000)
  from space 512K, 50% used [0x00000000d5880000,0x00000000d58c0000,0x00000000d5900000)
  to   space 512K, 0% used [0x00000000d5900000,0x00000000d5900000,0x00000000d5980000)
 ParOldGen       total 860160K, used 860156K [0x0000000080000000, 0x00000000b4800000, 0x00000000d5580000)
  object space 860160K, 99% used [0x0000000080000000,0x00000000b47ff190,0x00000000b4800000)
 Metaspace       used 80585K, committed 82240K, reserved 1179648K
  class space    used 8476K, committed 9216K, reserved 1048576K
}
Event: 118.095 GC heap before
{Heap before GC invocations=1667 (full 3):
 PSYoungGen      total 3072K, used 2816K [0x00000000d5580000, 0x00000000d5980000, 0x0000000100000000)
  eden space 2560K, 100% used [0x00000000d5580000,0x00000000d5800000,0x00000000d5800000)
  from space 512K, 50% used [0x00000000d5880000,0x00000000d58c0000,0x00000000d5900000)
  to   space 512K, 0% used [0x00000000d5900000,0x00000000d5900000,0x00000000d5980000)
 ParOldGen       total 860160K, used 860156K [0x0000000080000000, 0x00000000b4800000, 0x00000000d5580000)
  object space 860160K, 99% used [0x0000000080000000,0x00000000b47ff190,0x00000000b4800000)
 Metaspace       used 80832K, committed 82496K, reserved 1179648K
  class space    used 8523K, committed 9280K, reserved 1048576K
}
Event: 118.100 GC heap after
{Heap after GC invocations=1667 (full 3):
 PSYoungGen      total 3072K, used 272K [0x00000000d5580000, 0x00000000d5980000, 0x0000000100000000)
  eden space 2560K, 0% used [0x00000000d5580000,0x00000000d5580000,0x00000000d5800000)
  from space 512K, 53% used [0x00000000d5900000,0x00000000d5944010,0x00000000d5980000)
  to   space 512K, 0% used [0x00000000d5880000,0x00000000d5880000,0x00000000d5900000)
 ParOldGen       total 860672K, used 860220K [0x0000000080000000, 0x00000000b4880000, 0x00000000d5580000)
  object space 860672K, 99% used [0x0000000080000000,0x00000000b480f190,0x00000000b4880000)
 Metaspace       used 80832K, committed 82496K, reserved 1179648K
  class space    used 8523K, committed 9280K, reserved 1048576K
}
Event: 118.142 GC heap before
{Heap before GC invocations=1668 (full 3):
 PSYoungGen      total 3072K, used 2832K [0x00000000d5580000, 0x00000000d5980000, 0x0000000100000000)
  eden space 2560K, 100% used [0x00000000d5580000,0x00000000d5800000,0x00000000d5800000)
  from space 512K, 53% used [0x00000000d5900000,0x00000000d5944010,0x00000000d5980000)
  to   space 512K, 0% used [0x00000000d5880000,0x00000000d5880000,0x00000000d5900000)
 ParOldGen       total 860672K, used 860220K [0x0000000080000000, 0x00000000b4880000, 0x00000000d5580000)
  object space 860672K, 99% used [0x0000000080000000,0x00000000b480f190,0x00000000b4880000)
 Metaspace       used 81001K, committed 82624K, reserved 1179648K
  class space    used 8571K, committed 9280K, reserved 1048576K
}
Event: 118.145 GC heap after
{Heap after GC invocations=1668 (full 3):
 PSYoungGen      total 3072K, used 192K [0x00000000d5580000, 0x00000000d5980000, 0x0000000100000000)
  eden space 2560K, 0% used [0x00000000d5580000,0x00000000d5580000,0x00000000d5800000)
  from space 512K, 37% used [0x00000000d5880000,0x00000000d58b0000,0x00000000d5900000)
  to   space 512K, 0% used [0x00000000d5900000,0x00000000d5900000,0x00000000d5980000)
 ParOldGen       total 860672K, used 860348K [0x0000000080000000, 0x00000000b4880000, 0x00000000d5580000)
  object space 860672K, 99% used [0x0000000080000000,0x00000000b482f1c0,0x00000000b4880000)
 Metaspace       used 81001K, committed 82624K, reserved 1179648K
  class space    used 8571K, committed 9280K, reserved 1048576K
}
Event: 118.216 GC heap before
{Heap before GC invocations=1669 (full 3):
 PSYoungGen      total 3072K, used 2742K [0x00000000d5580000, 0x00000000d5980000, 0x0000000100000000)
  eden space 2560K, 99% used [0x00000000d5580000,0x00000000d57fd8a8,0x00000000d5800000)
  from space 512K, 37% used [0x00000000d5880000,0x00000000d58b0000,0x00000000d5900000)
  to   space 512K, 0% used [0x00000000d5900000,0x00000000d5900000,0x00000000d5980000)
 ParOldGen       total 860672K, used 860348K [0x0000000080000000, 0x00000000b4880000, 0x00000000d5580000)
  object space 860672K, 99% used [0x0000000080000000,0x00000000b482f1c0,0x00000000b4880000)
 Metaspace       used 81282K, committed 82944K, reserved 1179648K
  class space    used 8623K, committed 9344K, reserved 1048576K
}
Event: 118.219 GC heap after
{Heap after GC invocations=1669 (full 3):
 PSYoungGen      total 3072K, used 224K [0x00000000d5580000, 0x00000000d5980000, 0x0000000100000000)
  eden space 2560K, 0% used [0x00000000d5580000,0x00000000d5580000,0x00000000d5800000)
  from space 512K, 43% used [0x00000000d5900000,0x00000000d5938000,0x00000000d5980000)
  to   space 512K, 0% used [0x00000000d5880000,0x00000000d5880000,0x00000000d5900000)
 ParOldGen       total 860672K, used 860396K [0x0000000080000000, 0x00000000b4880000, 0x00000000d5580000)
  object space 860672K, 99% used [0x0000000080000000,0x00000000b483b1c0,0x00000000b4880000)
 Metaspace       used 81282K, committed 82944K, reserved 1179648K
  class space    used 8623K, committed 9344K, reserved 1048576K
}
Event: 118.274 GC heap before
{Heap before GC invocations=1670 (full 3):
 PSYoungGen      total 3072K, used 2784K [0x00000000d5580000, 0x00000000d5980000, 0x0000000100000000)
  eden space 2560K, 100% used [0x00000000d5580000,0x00000000d5800000,0x00000000d5800000)
  from space 512K, 43% used [0x00000000d5900000,0x00000000d5938000,0x00000000d5980000)
  to   space 512K, 0% used [0x00000000d5880000,0x00000000d5880000,0x00000000d5900000)
 ParOldGen       total 860672K, used 860396K [0x0000000080000000, 0x00000000b4880000, 0x00000000d5580000)
  object space 860672K, 99% used [0x0000000080000000,0x00000000b483b1c0,0x00000000b4880000)
 Metaspace       used 81567K, committed 83264K, reserved 1179648K
  class space    used 8663K, committed 9408K, reserved 1048576K
}
Event: 118.277 GC heap after
{Heap after GC invocations=1670 (full 3):
 PSYoungGen      total 3072K, used 224K [0x00000000d5580000, 0x00000000d5980000, 0x0000000100000000)
  eden space 2560K, 0% used [0x00000000d5580000,0x00000000d5580000,0x00000000d5800000)
  from space 512K, 43% used [0x00000000d5880000,0x00000000d58b8000,0x00000000d5900000)
  to   space 512K, 0% used [0x00000000d5900000,0x00000000d5900000,0x00000000d5980000)
 ParOldGen       total 860672K, used 860460K [0x0000000080000000, 0x00000000b4880000, 0x00000000d5580000)
  object space 860672K, 99% used [0x0000000080000000,0x00000000b484b1c0,0x00000000b4880000)
 Metaspace       used 81567K, committed 83264K, reserved 1179648K
  class space    used 8663K, committed 9408K, reserved 1048576K
}

