# JRE version: OpenJDK Runtime Environment Temurin-21.0.9+10 (21.0.9+10) (build 21.0.9+10-LTS)
# Java VM: OpenJDK 64-Bit Server VM Temurin-21.0.9+10 (21.0.9+10-LTS, mixed mode, sharing, tiered, compressed oops, compressed class ptrs, parallel gc, windows-amd64)
GC Precious Log:
 CardTable entry size: 512
 CPUs: 8 total, 8 available
 Memory: 16198M
 Large Page Support: Disabled
 NUMA Support: Disabled
 Compressed Oops: Enabled (32-bit)
 Alignments: Space 512K, Generation 512K, Heap 2M
 Heap Min Capacity: 100M
 Heap Initial Capacity: 100M
 Heap Max Capacity: 2G
 Pre-touch: Disabled
 Parallel Workers: 8
Heap:
 PSYoungGen      total 4096K, used 1825K [0x00000000d5580000, 0x00000000d5b00000, 0x0000000100000000)
  eden space 3584K, 37% used [0x00000000d5580000,0x00000000d56d06f0,0x00000000d5900000)
  from space 512K, 93% used [0x00000000d5a80000,0x00000000d5af8000,0x00000000d5b00000)
  to   space 1024K, 0% used [0x00000000d5900000,0x00000000d5900000,0x00000000d5a00000)
 ParOldGen       total 520704K, used 520593K [0x0000000080000000, 0x000000009fc80000, 0x00000000d5580000)
  object space 520704K, 99% used [0x0000000080000000,0x000000009fc64670,0x000000009fc80000)
 Metaspace       used 92442K, committed 94336K, reserved 1179648K
  class space    used 9651K, committed 10496K, reserved 1048576K
GC Heap History (20 events):
Event: 1357.532 GC heap before
{Heap before GC invocations=1531 (full 5):
 PSYoungGen      total 2560K, used 2536K [0x00000000d5580000, 0x00000000d6680000, 0x0000000100000000)
  eden space 2048K, 100% used [0x00000000d5580000,0x00000000d5780000,0x00000000d5780000)
  from space 512K, 95% used [0x00000000d5d80000,0x00000000d5dfa190,0x00000000d5e00000)
  to   space 6144K, 0% used [0x00000000d5780000,0x00000000d5780000,0x00000000d5d80000)
 ParOldGen       total 514560K, used 514453K [0x0000000080000000, 0x000000009f680000, 0x00000000d5580000)
  object space 514560K, 99% used [0x0000000080000000,0x000000009f6654c8,0x000000009f680000)
 Metaspace       used 92376K, committed 94272K, reserved 1179648K
  class space    used 9648K, committed 10496K, reserved 1048576K
}
Event: 1357.535 GC heap after
{Heap after GC invocations=1531 (full 5):
 PSYoungGen      total 4608K, used 2144K [0x00000000d5580000, 0x00000000d5e80000, 0x0000000100000000)
  eden space 2048K, 0% used [0x00000000d5580000,0x00000000d5580000,0x00000000d5780000)
  from space 2560K, 83% used [0x00000000d5780000,0x00000000d5998000,0x00000000d5a00000)
  to   space 3584K, 0% used [0x00000000d5b00000,0x00000000d5b00000,0x00000000d5e80000)
 ParOldGen       total 515072K, used 514973K [0x0000000080000000, 0x000000009f700000, 0x00000000d5580000)
  object space 515072K, 99% used [0x0000000080000000,0x000000009f6e7658,0x000000009f700000)
 Metaspace       used 92376K, committed 94272K, reserved 1179648K
  class space    used 9648K, committed 10496K, reserved 1048576K
}
Event: 1357.541 GC heap before
{Heap before GC invocations=1532 (full 5):
 PSYoungGen      total 4608K, used 4192K [0x00000000d5580000, 0x00000000d5e80000, 0x0000000100000000)
  eden space 2048K, 100% used [0x00000000d5580000,0x00000000d5780000,0x00000000d5780000)
  from space 2560K, 83% used [0x00000000d5780000,0x00000000d5998000,0x00000000d5a00000)
  to   space 3584K, 0% used [0x00000000d5b00000,0x00000000d5b00000,0x00000000d5e80000)
 ParOldGen       total 515072K, used 514973K [0x0000000080000000, 0x000000009f700000, 0x00000000d5580000)
  object space 515072K, 99% used [0x0000000080000000,0x000000009f6e7658,0x000000009f700000)
 Metaspace       used 92376K, committed 94272K, reserved 1179648K
  class space    used 9648K, committed 10496K, reserved 1048576K
}
Event: 1357.544 GC heap after
{Heap after GC invocations=1532 (full 5):
 PSYoungGen      total 3072K, used 954K [0x00000000d5580000, 0x00000000d5c00000, 0x0000000100000000)
  eden space 2048K, 0% used [0x00000000d5580000,0x00000000d5580000,0x00000000d5780000)
  from space 1024K, 93% used [0x00000000d5b00000,0x00000000d5bee900,0x00000000d5c00000)
  to   space 2048K, 0% used [0x00000000d5800000,0x00000000d5800000,0x00000000d5a00000)
 ParOldGen       total 517120K, used 517029K [0x0000000080000000, 0x000000009f900000, 0x00000000d5580000)
  object space 517120K, 99% used [0x0000000080000000,0x000000009f8e9658,0x000000009f900000)
 Metaspace       used 92376K, committed 94272K, reserved 1179648K
  class space    used 9648K, committed 10496K, reserved 1048576K
}
Event: 1357.549 GC heap before
{Heap before GC invocations=1533 (full 5):
 PSYoungGen      total 3072K, used 3002K [0x00000000d5580000, 0x00000000d5c00000, 0x0000000100000000)
  eden space 2048K, 100% used [0x00000000d5580000,0x00000000d5780000,0x00000000d5780000)
  from space 1024K, 93% used [0x00000000d5b00000,0x00000000d5bee900,0x00000000d5c00000)
  to   space 2048K, 0% used [0x00000000d5800000,0x00000000d5800000,0x00000000d5a00000)
 ParOldGen       total 517120K, used 517029K [0x0000000080000000, 0x000000009f900000, 0x00000000d5580000)
  object space 517120K, 99% used [0x0000000080000000,0x000000009f8e9658,0x000000009f900000)
 Metaspace       used 92376K, committed 94272K, reserved 1179648K
  class space    used 9648K, committed 10496K, reserved 1048576K
}
Event: 1357.551 GC heap after
{Heap after GC invocations=1533 (full 5):
 PSYoungGen      total 4608K, used 384K [0x00000000d5580000, 0x00000000d5b80000, 0x0000000100000000)
  eden space 2560K, 0% used [0x00000000d5580000,0x00000000d5580000,0x00000000d5800000)
  from space 2048K, 18% used [0x00000000d5800000,0x00000000d5860000,0x00000000d5a00000)
  to   space 1024K, 0% used [0x00000000d5a80000,0x00000000d5a80000,0x00000000d5b80000)
 ParOldGen       total 518144K, used 517858K [0x0000000080000000, 0x000000009fa00000, 0x00000000d5580000)
  object space 518144K, 99% used [0x0000000080000000,0x000000009f9b8858,0x000000009fa00000)
 Metaspace       used 92376K, committed 94272K, reserved 1179648K
  class space    used 9648K, committed 10496K, reserved 1048576K
}
Event: 1357.570 GC heap before
{Heap before GC invocations=1534 (full 5):
 PSYoungGen      total 4608K, used 2944K [0x00000000d5580000, 0x00000000d5b80000, 0x0000000100000000)
  eden space 2560K, 100% used [0x00000000d5580000,0x00000000d5800000,0x00000000d5800000)
  from space 2048K, 18% used [0x00000000d5800000,0x00000000d5860000,0x00000000d5a00000)
  to   space 1024K, 0% used [0x00000000d5a80000,0x00000000d5a80000,0x00000000d5b80000)
 ParOldGen       total 518144K, used 517858K [0x0000000080000000, 0x000000009fa00000, 0x00000000d5580000)
  object space 518144K, 99% used [0x0000000080000000,0x000000009f9b8858,0x000000009fa00000)
 Metaspace       used 92377K, committed 94272K, reserved 1179648K
  class space    used 9648K, committed 10496K, reserved 1048576K
}
Event: 1357.572 GC heap after
{Heap after GC invocations=1534 (full 5):
 PSYoungGen      total 3584K, used 576K [0x00000000d5580000, 0x00000000d5b80000, 0x0000000100000000)
  eden space 2560K, 0% used [0x00000000d5580000,0x00000000d5580000,0x00000000d5800000)
  from space 1024K, 56% used [0x00000000d5a80000,0x00000000d5b10000,0x00000000d5b80000)
  to   space 1024K, 0% used [0x00000000d5980000,0x00000000d5980000,0x00000000d5a80000)
 ParOldGen       total 518144K, used 518082K [0x0000000080000000, 0x000000009fa00000, 0x00000000d5580000)
  object space 518144K, 99% used [0x0000000080000000,0x000000009f9f0858,0x000000009fa00000)
 Metaspace       used 92377K, committed 94272K, reserved 1179648K
  class space    used 9648K, committed 10496K, reserved 1048576K
}
Event: 1380.966 GC heap before
{Heap before GC invocations=1535 (full 5):
 PSYoungGen      total 3584K, used 3135K [0x00000000d5580000, 0x00000000d5b80000, 0x0000000100000000)
  eden space 2560K, 99% used [0x00000000d5580000,0x00000000d57fffa8,0x00000000d5800000)
  from space 1024K, 56% used [0x00000000d5a80000,0x00000000d5b10000,0x00000000d5b80000)
  to   space 1024K, 0% used [0x00000000d5980000,0x00000000d5980000,0x00000000d5a80000)
 ParOldGen       total 518144K, used 518082K [0x0000000080000000, 0x000000009fa00000, 0x00000000d5580000)
  object space 518144K, 99% used [0x0000000080000000,0x000000009f9f0858,0x000000009fa00000)
 Metaspace       used 92385K, committed 94272K, reserved 1179648K
  class space    used 9648K, committed 10496K, reserved 1048576K
}
Event: 1380.968 GC heap after
{Heap after GC invocations=1535 (full 5):
 PSYoungGen      total 3584K, used 430K [0x00000000d5580000, 0x00000000d5b00000, 0x0000000100000000)
  eden space 2560K, 0% used [0x00000000d5580000,0x00000000d5580000,0x00000000d5800000)
  from space 1024K, 42% used [0x00000000d5980000,0x00000000d59ebb00,0x00000000d5a80000)
  to   space 512K, 0% used [0x00000000d5a80000,0x00000000d5a80000,0x00000000d5b00000)
 ParOldGen       total 518656K, used 518490K [0x0000000080000000, 0x000000009fa80000, 0x00000000d5580000)
  object space 518656K, 99% used [0x0000000080000000,0x000000009fa56858,0x000000009fa80000)
 Metaspace       used 92385K, committed 94272K, reserved 1179648K
  class space    used 9648K, committed 10496K, reserved 1048576K
}
Event: 1380.971 GC heap before
{Heap before GC invocations=1536 (full 5):
 PSYoungGen      total 3584K, used 2990K [0x00000000d5580000, 0x00000000d5b00000, 0x0000000100000000)
  eden space 2560K, 100% used [0x00000000d5580000,0x00000000d5800000,0x00000000d5800000)
  from space 1024K, 42% used [0x00000000d5980000,0x00000000d59ebb00,0x00000000d5a80000)
  to   space 512K, 0% used [0x00000000d5a80000,0x00000000d5a80000,0x00000000d5b00000)
 ParOldGen       total 518656K, used 518490K [0x0000000080000000, 0x000000009fa80000, 0x00000000d5580000)
  object space 518656K, 99% used [0x0000000080000000,0x000000009fa56858,0x000000009fa80000)
 Metaspace       used 92385K, committed 94272K, reserved 1179648K
  class space    used 9648K, committed 10496K, reserved 1048576K
}
Event: 1380.973 GC heap after
{Heap after GC invocations=1536 (full 5):
 PSYoungGen      total 3072K, used 512K [0x00000000d5580000, 0x00000000d5b00000, 0x0000000100000000)
  eden space 2560K, 0% used [0x00000000d5580000,0x00000000d5580000,0x00000000d5800000)
  from space 512K, 100% used [0x00000000d5a80000,0x00000000d5b00000,0x00000000d5b00000)
  to   space 1024K, 0% used [0x00000000d5900000,0x00000000d5900000,0x00000000d5a00000)
 ParOldGen       total 519168K, used 518783K [0x0000000080000000, 0x000000009fb00000, 0x00000000d5580000)
  object space 519168K, 99% used [0x0000000080000000,0x000000009fa9fe60,0x000000009fb00000)
 Metaspace       used 92385K, committed 94272K, reserved 1179648K
  class space    used 9648K, committed 10496K, reserved 1048576K
}
Event: 1380.975 GC heap before
{Heap before GC invocations=1537 (full 5):
 PSYoungGen      total 3072K, used 3072K [0x00000000d5580000, 0x00000000d5b00000, 0x0000000100000000)
  eden space 2560K, 100% used [0x00000000d5580000,0x00000000d5800000,0x00000000d5800000)
  from space 512K, 100% used [0x00000000d5a80000,0x00000000d5b00000,0x00000000d5b00000)
  to   space 1024K, 0% used [0x00000000d5900000,0x00000000d5900000,0x00000000d5a00000)
 ParOldGen       total 519168K, used 518783K [0x0000000080000000, 0x000000009fb00000, 0x00000000d5580000)
  object space 519168K, 99% used [0x0000000080000000,0x000000009fa9fe60,0x000000009fb00000)
 Metaspace       used 92385K, committed 94272K, reserved 1179648K
  class space    used 9648K, committed 10496K, reserved 1048576K
}
Event: 1380.977 GC heap after
{Heap after GC invocations=1537 (full 5):
 PSYoungGen      total 4096K, used 320K [0x00000000d5580000, 0x00000000d5b00000, 0x0000000100000000)
  eden space 3072K, 0% used [0x00000000d5580000,0x00000000d5580000,0x00000000d5880000)
  from space 1024K, 31% used [0x00000000d5900000,0x00000000d5950000,0x00000000d5a00000)
  to   space 512K, 0% used [0x00000000d5a80000,0x00000000d5a80000,0x00000000d5b00000)
 ParOldGen       total 519680K, used 519295K [0x0000000080000000, 0x000000009fb80000, 0x00000000d5580000)
  object space 519680K, 99% used [0x0000000080000000,0x000000009fb1fe60,0x000000009fb80000)
 Metaspace       used 92385K, committed 94272K, reserved 1179648K
  class space    used 9648K, committed 10496K, reserved 1048576K
}
Event: 1380.986 GC heap before
{Heap before GC invocations=1538 (full 5):
 PSYoungGen      total 4096K, used 3392K [0x00000000d5580000, 0x00000000d5b00000, 0x0000000100000000)
  eden space 3072K, 100% used [0x00000000d5580000,0x00000000d5880000,0x00000000d5880000)
  from space 1024K, 31% used [0x00000000d5900000,0x00000000d5950000,0x00000000d5a00000)
  to   space 512K, 0% used [0x00000000d5a80000,0x00000000d5a80000,0x00000000d5b00000)
 ParOldGen       total 519680K, used 519295K [0x0000000080000000, 0x000000009fb80000, 0x00000000d5580000)
  object space 519680K, 99% used [0x0000000080000000,0x000000009fb1fe60,0x000000009fb80000)
 Metaspace       used 92390K, committed 94272K, reserved 1179648K
  class space    used 9651K, committed 10496K, reserved 1048576K
}
Event: 1380.988 GC heap after
{Heap after GC invocations=1538 (full 5):
 PSYoungGen      total 3584K, used 489K [0x00000000d5580000, 0x00000000d5b00000, 0x0000000100000000)
  eden space 3072K, 0% used [0x00000000d5580000,0x00000000d5580000,0x00000000d5880000)
  from space 512K, 95% used [0x00000000d5a80000,0x00000000d5afa400,0x00000000d5b00000)
  to   space 1024K, 0% used [0x00000000d5900000,0x00000000d5900000,0x00000000d5a00000)
 ParOldGen       total 519680K, used 519543K [0x0000000080000000, 0x000000009fb80000, 0x00000000d5580000)
  object space 519680K, 99% used [0x0000000080000000,0x000000009fb5de60,0x000000009fb80000)
 Metaspace       used 92390K, committed 94272K, reserved 1179648K
  class space    used 9651K, committed 10496K, reserved 1048576K
}
Event: 1380.992 GC heap before
{Heap before GC invocations=1539 (full 5):
 PSYoungGen      total 3584K, used 3561K [0x00000000d5580000, 0x00000000d5b00000, 0x0000000100000000)
  eden space 3072K, 100% used [0x00000000d5580000,0x00000000d5880000,0x00000000d5880000)
  from space 512K, 95% used [0x00000000d5a80000,0x00000000d5afa400,0x00000000d5b00000)
  to   space 1024K, 0% used [0x00000000d5900000,0x00000000d5900000,0x00000000d5a00000)
 ParOldGen       total 519680K, used 519543K [0x0000000080000000, 0x000000009fb80000, 0x00000000d5580000)
  object space 519680K, 99% used [0x0000000080000000,0x000000009fb5de60,0x000000009fb80000)
 Metaspace       used 92390K, committed 94272K, reserved 1179648K
  class space    used 9651K, committed 10496K, reserved 1048576K
}
Event: 1380.994 GC heap after
{Heap after GC invocations=1539 (full 5):
 PSYoungGen      total 4608K, used 672K [0x00000000d5580000, 0x00000000d5b80000, 0x0000000100000000)
  eden space 3584K, 0% used [0x00000000d5580000,0x00000000d5580000,0x00000000d5900000)
  from space 1024K, 65% used [0x00000000d5900000,0x00000000d59a8000,0x00000000d5a00000)
  to   space 1024K, 0% used [0x00000000d5a80000,0x00000000d5a80000,0x00000000d5b80000)
 ParOldGen       total 520192K, used 520017K [0x0000000080000000, 0x000000009fc00000, 0x00000000d5580000)
  object space 520192K, 99% used [0x0000000080000000,0x000000009fbd4670,0x000000009fc00000)
 Metaspace       used 92390K, committed 94272K, reserved 1179648K
  class space    used 9651K, committed 10496K, reserved 1048576K
}
Event: 1441.910 GC heap before
{Heap before GC invocations=1540 (full 5):
 PSYoungGen      total 4608K, used 4255K [0x00000000d5580000, 0x00000000d5b80000, 0x0000000100000000)
  eden space 3584K, 99% used [0x00000000d5580000,0x00000000d58fffe8,0x00000000d5900000)
  from space 1024K, 65% used [0x00000000d5900000,0x00000000d59a8000,0x00000000d5a00000)
  to   space 1024K, 0% used [0x00000000d5a80000,0x00000000d5a80000,0x00000000d5b80000)
 ParOldGen       total 520192K, used 520017K [0x0000000080000000, 0x000000009fc00000, 0x00000000d5580000)
  object space 520192K, 99% used [0x0000000080000000,0x000000009fbd4670,0x000000009fc00000)
 Metaspace       used 92413K, committed 94272K, reserved 1179648K
  class space    used 9651K, committed 10496K, reserved 1048576K
}
Event: 1441.919 GC heap after
{Heap after GC invocations=1540 (full 5):
 PSYoungGen      total 4096K, used 480K [0x00000000d5580000, 0x00000000d5b00000, 0x0000000100000000)
  eden space 3584K, 0% used [0x00000000d5580000,0x00000000d5580000,0x00000000d5900000)
  from space 512K, 93% used [0x00000000d5a80000,0x00000000d5af8000,0x00000000d5b00000)
  to   space 1024K, 0% used [0x00000000d5900000,0x00000000d5900000,0x00000000d5a00000)
 ParOldGen       total 520704K, used 520593K [0x0000000080000000, 0x000000009fc80000, 0x00000000d5580000)
  object space 520704K, 99% used [0x0000000080000000,0x000000009fc64670,0x000000009fc80000)
 Metaspace       used 92413K, committed 94272K, reserved 1179648K
  class space    used 9651K, committed 10496K, reserved 1048576K
}

